sample.interval=20000
".Fortran" "elnet" "glmnet" "cv.glmnet.raw" "cv.glmnet" 
"callNextMethod" "methods:::loadMethod" "methods:::loadMethod" "initialize" "new" "is" "drop0" "getcoef" "elnet" "glmnet" "cv.glmnet.raw" "cv.glmnet" 
".Fortran" "elnet" "glmnet" "cv.glmnet.raw" "cv.glmnet" 
".Fortran" "elnet" "glmnet" "cv.glmnet.raw" "cv.glmnet" 
"c" ".nextMethod" "callNextMethod" "initialize" "initialize" "new" "newTMat" ".Arith.Csparse" "+" "+" "predict.glmnet" "NextMethod" "predict.elnet" "predict" "buildPredmat.default" "buildPredmat" "cv.glmnet.raw" "cv.glmnet" 
"weighted.mean.default" "FUN" "apply" "cvcompute" "cvstats" "cv.glmnet.raw" "cv.glmnet" 
"%*%" "dnorm" "fn" "<Anonymous>" ".External2" "optim" 
"dnorm" "fn" "<Anonymous>" ".External2" "optim" 
"%*%" "dnorm" "fn" "<Anonymous>" ".External2" "optim" 
"fn" "<Anonymous>" ".External2" "optim" 
"%*%" "dnorm" "fn" "<Anonymous>" ".External2" "optim" 
"%*%" "dnorm" "fn" "<Anonymous>" ".External2" "optim" 
"fn" "<Anonymous>" ".External2" "optim" 
"dnorm" "fn" "<Anonymous>" ".External2" "optim" 
"%*%" "dnorm" "fn" "<Anonymous>" ".External2" "optim" 
"%*%" "dnorm" "fn" "<Anonymous>" ".External2" "optim" 
"%*%" "dnorm" "fn" "<Anonymous>" ".External2" "optim" 
"%*%" "dnorm" "fn" "<Anonymous>" ".External2" "optim" 
"%*%" "dnorm" "fn" "<Anonymous>" ".External2" "optim" 
"dnorm" "fn" "<Anonymous>" ".External2" "optim" 
"%*%" "dnorm" "fn" "<Anonymous>" ".External2" "optim" 
"%*%" "dnorm" "fn" "<Anonymous>" ".External2" "optim" 
"dnorm" "fn" "<Anonymous>" ".External2" "optim" 
"%*%" "dnorm" "fn" "<Anonymous>" ".External2" "optim" 
".Fortran" "elnet" "glmnet" "cv.glmnet.raw" "cv.glmnet" 
".Fortran" "elnet" "glmnet" "cv.glmnet.raw" "cv.glmnet" 
".Fortran" "elnet" "glmnet" "cv.glmnet.raw" "cv.glmnet" 
"glmnet" "cv.glmnet.raw" "cv.glmnet" 
".Fortran" "elnet" "glmnet" "cv.glmnet.raw" "cv.glmnet" 
".Fortran" "elnet" "glmnet" "cv.glmnet.raw" "cv.glmnet" 
"t" "standardGeneric" "t" "predict.glmnet" "NextMethod" "predict.elnet" "predict" "buildPredmat.default" "buildPredmat" "cv.glmnet.raw" "cv.glmnet" 
".nextMethod" "callNextMethod" "initialize" "initialize" "new" "newTMat" ".Arith.Csparse" "+" "+" "predict.glmnet" "NextMethod" "predict.elnet" "predict" "buildPredmat.default" "buildPredmat" "cv.glmnet.raw" "cv.glmnet" 
"buildPredmat.default" "buildPredmat" "cv.glmnet.raw" "cv.glmnet" 
"c" ".nextMethod" "callNextMethod" "initialize" "initialize" "new" "newTMat" ".Arith.Csparse" "+" "+" "predict.glmnet" "NextMethod" "predict.elnet" "predict" "buildPredmat.default" "buildPredmat" "cv.glmnet.raw" "cv.glmnet" 
"eval" "eval" "model.frame.default" "model.frame" "model.matrix.default" "model.matrix" 
"<Anonymous>" ".External2" "optim" 
"%*%" "dnorm" "fn" "<Anonymous>" ".External2" "optim" 
"%*%" "dnorm" "fn" "<Anonymous>" ".External2" "optim" 
"%*%" "dnorm" "fn" "<Anonymous>" ".External2" "optim" 
"%*%" "dnorm" "fn" "<Anonymous>" ".External2" "optim" 
"%*%" "dnorm" "fn" "<Anonymous>" ".External2" "optim" 
"fn" "<Anonymous>" ".External2" "optim" 
"dnorm" "fn" "<Anonymous>" ".External2" "optim" 
"%*%" "dnorm" "fn" "<Anonymous>" ".External2" "optim" 
"dnorm" "fn" "<Anonymous>" ".External2" "optim" 
"%*%" "dnorm" "fn" "<Anonymous>" ".External2" "optim" 
"fn" "<Anonymous>" ".External2" "optim" 
"%*%" "dnorm" "fn" "<Anonymous>" ".External2" "optim" 
"%*%" "dnorm" "fn" "<Anonymous>" ".External2" "optim" 
"%*%" "dnorm" "fn" "<Anonymous>" ".External2" "optim" 
"%*%" "dnorm" "fn" "<Anonymous>" ".External2" "optim" 
".Fortran" "elnet" "glmnet" "cv.glmnet.raw" "cv.glmnet" 
".Fortran" "elnet" "glmnet" "cv.glmnet.raw" "cv.glmnet" 
".Fortran" "elnet" "glmnet" "cv.glmnet.raw" "cv.glmnet" 
"glmnet" "cv.glmnet.raw" "cv.glmnet" 
".Fortran" "elnet" "glmnet" "cv.glmnet.raw" "cv.glmnet" 
".Fortran" "elnet" "glmnet" "cv.glmnet.raw" "cv.glmnet" 
".Fortran" "elnet" "glmnet" "cv.glmnet.raw" "cv.glmnet" 
".Fortran" "elnet" "glmnet" "cv.glmnet.raw" "cv.glmnet" 
"glmnet" "cv.glmnet.raw" "cv.glmnet" 
"matrix" "buildPredmat.default" "buildPredmat" "cv.glmnet.raw" "cv.glmnet" 
"dimNamesCheck" ".Arith.Csparse" "+" "+" "predict.glmnet" "NextMethod" "predict.elnet" "predict" "buildPredmat.default" "buildPredmat" "cv.glmnet.raw" "cv.glmnet" 
"%*%" "dnorm" "fn" "<Anonymous>" ".External2" "optim" 
"fn" "<Anonymous>" ".External2" "optim" 
"fn" "<Anonymous>" ".External2" "optim" 
"%*%" "dnorm" "fn" "<Anonymous>" ".External2" "optim" 
"dnorm" "fn" "<Anonymous>" ".External2" "optim" 
"%*%" "dnorm" "fn" "<Anonymous>" ".External2" "optim" 
"fn" "<Anonymous>" ".External2" "optim" 
"dnorm" "fn" "<Anonymous>" ".External2" "optim" 
"dnorm" "fn" "<Anonymous>" ".External2" "optim" 
"%*%" "dnorm" "fn" "<Anonymous>" ".External2" "optim" 
"ncol" "fn" "<Anonymous>" ".External2" "optim" 
"%*%" "dnorm" "fn" "<Anonymous>" ".External2" "optim" 
"%*%" "dnorm" "fn" "<Anonymous>" ".External2" "optim" 
"dnorm" "fn" "<Anonymous>" ".External2" "optim" 
"%*%" "dnorm" "fn" "<Anonymous>" ".External2" "optim" 
"dnorm" "fn" "<Anonymous>" ".External2" "optim" 
"%*%" "dnorm" "fn" "<Anonymous>" ".External2" "optim" 
"%*%" "dnorm" "fn" "<Anonymous>" ".External2" "optim" 
"%*%" "dnorm" "fn" "<Anonymous>" ".External2" "optim" 
"apply" "nonzeroCoef" "predict.glmnet" "NextMethod" "predict.elnet" "predict" "lapply" "sapply" "cv.glmnet.raw" "cv.glmnet" 
".Fortran" "elnet" "glmnet" "cv.glmnet.raw" "cv.glmnet" 
".Fortran" "elnet" "glmnet" "cv.glmnet.raw" "cv.glmnet" 
".Fortran" "elnet" "glmnet" "cv.glmnet.raw" "cv.glmnet" 
".Fortran" "elnet" "glmnet" "cv.glmnet.raw" "cv.glmnet" 
".Fortran" "elnet" "glmnet" "cv.glmnet.raw" "cv.glmnet" 
"as" "as_Csp2" ".rbind2Csp" "rbind2sparse" "rbind2" "rbind2" "methods::rbind2" "methods::rbind2" "predict.glmnet" "NextMethod" "predict.elnet" "predict" "buildPredmat.default" "buildPredmat" "cv.glmnet.raw" "cv.glmnet" 
"%*%" "dnorm" "fn" "<Anonymous>" ".External2" "optim" 
"fn" "<Anonymous>" ".External2" "optim" 
"%*%" "dnorm" "fn" "<Anonymous>" ".External2" "optim" 
"%*%" "dnorm" "fn" "<Anonymous>" ".External2" "optim" 
"dnorm" "fn" "<Anonymous>" ".External2" "optim" 
"fn" "<Anonymous>" ".External2" "optim" 
"%*%" "dnorm" "fn" "<Anonymous>" ".External2" "optim" 
"%*%" "dnorm" "fn" "<Anonymous>" ".External2" "optim" 
"sum" "fn" "<Anonymous>" ".External2" "optim" 
"%*%" "dnorm" "fn" "<Anonymous>" ".External2" "optim" 
"%*%" "dnorm" "fn" "<Anonymous>" ".External2" "optim" 
"%*%" "dnorm" "fn" "<Anonymous>" ".External2" "optim" 
"%*%" "dnorm" "fn" "<Anonymous>" ".External2" "optim" 
"%*%" "dnorm" "fn" "<Anonymous>" ".External2" "optim" 
"ncol" "fn" "<Anonymous>" ".External2" "optim" 
"dnorm" "fn" "<Anonymous>" ".External2" "optim" 
"dnorm" "fn" "<Anonymous>" ".External2" "optim" 
"na.omit.data.frame" "na.omit" ".External2" "model.frame.default" "model.frame" "model.matrix.default" "model.matrix" 
".Fortran" "elnet" "glmnet" "cv.glmnet.raw" "cv.glmnet" 
".Fortran" "elnet" "glmnet" "cv.glmnet.raw" "cv.glmnet" 
".Fortran" "elnet" "glmnet" "cv.glmnet.raw" "cv.glmnet" 
"matrix" "getcoef" "elnet" "glmnet" "cv.glmnet.raw" "cv.glmnet" 
"matrix" "getcoef" "elnet" "glmnet" "cv.glmnet.raw" "cv.glmnet" 
".Fortran" "elnet" "glmnet" "cv.glmnet.raw" "cv.glmnet" 
".Fortran" "elnet" "glmnet" "cv.glmnet.raw" "cv.glmnet" 
"matrix" "getcoef" "elnet" "glmnet" "cv.glmnet.raw" "cv.glmnet" 
".Fortran" "elnet" "glmnet" "cv.glmnet.raw" "cv.glmnet" 
".Fortran" "elnet" "glmnet" "cv.glmnet.raw" "cv.glmnet" 
".Fortran" "elnet" "glmnet" "cv.glmnet.raw" "cv.glmnet" 
".Fortran" "elnet" "glmnet" "cv.glmnet.raw" "cv.glmnet" 
"buildPredmat.default" "buildPredmat" "cv.glmnet.raw" "cv.glmnet" 
"cvcompute" "cvstats" "cv.glmnet.raw" "cv.glmnet" 
"%*%" "dnorm" "fn" "<Anonymous>" ".External2" "optim" 
"%*%" "dnorm" "fn" "<Anonymous>" ".External2" "optim" 
"%*%" "dnorm" "fn" "<Anonymous>" ".External2" "optim" 
"%*%" "dnorm" "fn" "<Anonymous>" ".External2" "optim" 
"%*%" "dnorm" "fn" "<Anonymous>" ".External2" "optim" 
"%*%" "dnorm" "fn" "<Anonymous>" ".External2" "optim" 
"ncol" "fn" "<Anonymous>" ".External2" "optim" 
"%*%" "dnorm" "fn" "<Anonymous>" ".External2" "optim" 
"%*%" "dnorm" "fn" "<Anonymous>" ".External2" "optim" 
"%*%" "dnorm" "fn" "<Anonymous>" ".External2" "optim" 
"fn" "<Anonymous>" ".External2" "optim" 
"%*%" "dnorm" "fn" "<Anonymous>" ".External2" "optim" 
"%*%" "dnorm" "fn" "<Anonymous>" ".External2" "optim" 
"%*%" "dnorm" "fn" "<Anonymous>" ".External2" "optim" 
"%*%" "dnorm" "fn" "<Anonymous>" ".External2" "optim" 
"stri_split_boundaries" "str_split" "FUN" "vapply" "fix_replacement" "stri_replace_first_regex" "str_replace" 
".Fortran" "elnet" "glmnet" "cv.glmnet.raw" "cv.glmnet" 
".Fortran" "elnet" "glmnet" "cv.glmnet.raw" "cv.glmnet" 
"drop0" "getcoef" "elnet" "glmnet" "cv.glmnet.raw" "cv.glmnet" 
".Fortran" "elnet" "glmnet" "cv.glmnet.raw" "cv.glmnet" 
".Fortran" "elnet" "glmnet" "cv.glmnet.raw" "cv.glmnet" 
".Fortran" "elnet" "glmnet" "cv.glmnet.raw" "cv.glmnet" 
".Fortran" "elnet" "glmnet" "cv.glmnet.raw" "cv.glmnet" 
".Fortran" "elnet" "glmnet" "cv.glmnet.raw" "cv.glmnet" 
"matrix" "getcoef" "elnet" "glmnet" "cv.glmnet.raw" "cv.glmnet" 
".Fortran" "elnet" "glmnet" "cv.glmnet.raw" "cv.glmnet" 
".Fortran" "elnet" "glmnet" "cv.glmnet.raw" "cv.glmnet" 
".Fortran" "elnet" "glmnet" "cv.glmnet.raw" "cv.glmnet" 
".Fortran" "elnet" "glmnet" "cv.glmnet.raw" "cv.glmnet" 
".Fortran" "elnet" "glmnet" "cv.glmnet.raw" "cv.glmnet" 
"c" ".nextMethod" "callNextMethod" "initialize" "initialize" "new" "newTMat" ".Arith.Csparse" "+" "+" "predict.glmnet" "NextMethod" "predict.elnet" "predict" "buildPredmat.default" "buildPredmat" "cv.glmnet.raw" "cv.glmnet" 
"[.data.frame" "[" "na.omit.data.frame" "na.omit" ".External2" "model.frame.default" "stats::model.frame" "eval" "eval" "lm" 
"fn" "<Anonymous>" ".External2" "optim" 
"dim" "ncol" "fn" "<Anonymous>" ".External2" "optim" 
".External2" "optim" 
"%*%" "dnorm" "fn" "<Anonymous>" ".External2" "optim" 
"fn" "<Anonymous>" ".External2" "optim" 
"fn" "<Anonymous>" ".External2" "optim" 
".External2" "optim" 
"fn" "<Anonymous>" ".External2" "optim" 
"fn" "<Anonymous>" ".External2" "optim" 
"%*%" "dnorm" "fn" "<Anonymous>" ".External2" "optim" 
".External2" "optim" 
".Fortran" "elnet" "glmnet" "cv.glmnet.raw" "cv.glmnet" 
".Fortran" "elnet" "glmnet" "cv.glmnet.raw" "cv.glmnet" 
"drop0" "getcoef" "elnet" "glmnet" "cv.glmnet.raw" "cv.glmnet" 
"glmnet" "cv.glmnet.raw" "cv.glmnet" 
"glmnet" "cv.glmnet.raw" "cv.glmnet" 
"matrix" "buildPredmat.default" "buildPredmat" "cv.glmnet.raw" "cv.glmnet" 
"c" ".nextMethod" "callNextMethod" "initialize" "initialize" "new" "newTMat" ".Arith.Csparse" "+" "+" "predict.glmnet" "NextMethod" "predict.elnet" "predict" "buildPredmat.default" "buildPredmat" "cv.glmnet.raw" "cv.glmnet" 
"%*%" "dnorm" "fn" "<Anonymous>" ".External2" "optim" 
"%*%" "dnorm" "fn" "<Anonymous>" ".External2" "optim" 
"%*%" "dnorm" "fn" "<Anonymous>" ".External2" "optim" 
"%*%" "dnorm" "fn" "<Anonymous>" ".External2" "optim" 
"dnorm" "fn" "<Anonymous>" ".External2" "optim" 
".External2" "optim" 
"%*%" "dnorm" "fn" "<Anonymous>" ".External2" "optim" 
"%*%" "dnorm" "fn" "<Anonymous>" ".External2" "optim" 
"%*%" "dnorm" "fn" "<Anonymous>" ".External2" "optim" 
".Fortran" "elnet" "glmnet" "cv.glmnet.raw" "cv.glmnet" 
".Fortran" "elnet" "glmnet" "cv.glmnet.raw" "cv.glmnet" 
"matrix" "getcoef" "elnet" "glmnet" "cv.glmnet.raw" "cv.glmnet" 
"matrix" "getcoef" "elnet" "glmnet" "cv.glmnet.raw" "cv.glmnet" 
".Fortran" "elnet" "glmnet" "cv.glmnet.raw" "cv.glmnet" 
".Fortran" "elnet" "glmnet" "cv.glmnet.raw" "cv.glmnet" 
".Fortran" "elnet" "glmnet" "cv.glmnet.raw" "cv.glmnet" 
"matrix" "getcoef" "elnet" "glmnet" "cv.glmnet.raw" "cv.glmnet" 
"matrix" "getcoef" "elnet" "glmnet" "cv.glmnet.raw" "cv.glmnet" 
"drop0" "getcoef" "elnet" "glmnet" "cv.glmnet.raw" "cv.glmnet" 
"c" ".nextMethod" "callNextMethod" "initialize" "initialize" "new" "newTMat" ".Arith.Csparse" "+" "+" "predict.glmnet" "NextMethod" "predict.elnet" "predict" "buildPredmat.default" "buildPredmat" "cv.glmnet.raw" "cv.glmnet" 
"%*%" "dnorm" "fn" "<Anonymous>" ".External2" "optim" 
"%*%" "dnorm" "fn" "<Anonymous>" ".External2" "optim" 
"dnorm" "fn" "<Anonymous>" ".External2" "optim" 
"%*%" "dnorm" "fn" "<Anonymous>" ".External2" "optim" 
"%*%" "dnorm" "fn" "<Anonymous>" ".External2" "optim" 
"sum" "fn" "<Anonymous>" ".External2" "optim" 
"%*%" "dnorm" "fn" "<Anonymous>" ".External2" "optim" 
"fn" "<Anonymous>" ".External2" "optim" 
".External2" "optim" 
"apply" "getcoef" "elnet" "glmnet" "cv.glmnet.raw" "cv.glmnet" 
"paste" "getcoef" "elnet" "glmnet" "cv.glmnet.raw" "cv.glmnet" 
"apply" "getcoef" "elnet" "glmnet" "cv.glmnet.raw" "cv.glmnet" 
"c" ".nextMethod" "callNextMethod" "initialize" "initialize" "new" "newTMat" ".Arith.Csparse" "+" "+" "predict.glmnet" "NextMethod" "predict.elnet" "predict" "buildPredmat.default" "buildPredmat" "cv.glmnet.raw" "cv.glmnet" 
".Arith.Csparse" "+" "+" "predict.glmnet" "NextMethod" "predict.elnet" "predict" "coef.glmnet" "coef" "coef.cv.glmnet" "coef" "standardGeneric" "coef" "standardGeneric" "as.matrix" 
".External2" "optim" 
"%*%" "dnorm" "fn" "<Anonymous>" ".External2" "optim" 
"%*%" "dnorm" "fn" "<Anonymous>" ".External2" "optim" 
"%*%" "dnorm" "fn" "<Anonymous>" ".External2" "optim" 
"%*%" "dnorm" "fn" "<Anonymous>" ".External2" "optim" 
"%*%" "dnorm" "fn" "<Anonymous>" ".External2" "optim" 
"%*%" "dnorm" "fn" "<Anonymous>" ".External2" "optim" 
"%*%" "dnorm" "fn" "<Anonymous>" ".External2" "optim" 
"%*%" "dnorm" "fn" "<Anonymous>" ".External2" "optim" 
"%*%" "dnorm" "fn" "<Anonymous>" ".External2" "optim" 
"%*%" "dnorm" "fn" "<Anonymous>" ".External2" "optim" 
"%*%" "MASS::mvrnorm" 
"glmnet" "cv.glmnet.raw" "cv.glmnet" 
"matrix" "buildPredmat.default" "buildPredmat" "cv.glmnet.raw" "cv.glmnet" 
".sigLabel" ".findMethodInTable" ".quickCoerceSelect" "as" "isTRUE" "validityMethod" "isTRUE" "anyStrings" "validObject" ".nextMethod" "callNextMethod" "initialize" "initialize" "new" "Diagonal" "predict.glmnet" "NextMethod" "predict.elnet" "predict" "buildPredmat.default" "buildPredmat" "cv.glmnet.raw" "cv.glmnet" 
"%*%" "dnorm" "fn" "<Anonymous>" ".External2" "optim" 
"dnorm" "fn" "<Anonymous>" ".External2" "optim" 
"%*%" "dnorm" "fn" "<Anonymous>" ".External2" "optim" 
"%*%" "dnorm" "fn" "<Anonymous>" ".External2" "optim" 
"%*%" "dnorm" "fn" "<Anonymous>" ".External2" "optim" 
"%*%" "dnorm" "fn" "<Anonymous>" ".External2" "optim" 
"%*%" "dnorm" "fn" "<Anonymous>" ".External2" "optim" 
".External2" "optim" 
"glmnet" "cv.glmnet.raw" "cv.glmnet" 
".Fortran" "elnet" "glmnet" "cv.glmnet.raw" "cv.glmnet" 
"min" "buildPredmat.default" "buildPredmat" "cv.glmnet.raw" "cv.glmnet" 
"%*%" "dnorm" "fn" "<Anonymous>" ".External2" "optim" 
"%*%" "dnorm" "fn" "<Anonymous>" ".External2" "optim" 
"%*%" "dnorm" "fn" "<Anonymous>" ".External2" "optim" 
"dnorm" "fn" "<Anonymous>" ".External2" "optim" 
"dim" "ncol" "fn" "<Anonymous>" ".External2" "optim" 
"fn" "<Anonymous>" ".External2" "optim" 
"dnorm" "fn" "<Anonymous>" ".External2" "optim" 
".External2" "optim" 
"dnorm" "fn" "<Anonymous>" ".External2" "optim" 
"dnorm" "fn" "<Anonymous>" ".External2" "optim" 
"%*%" "dnorm" "fn" "<Anonymous>" ".External2" "optim" 
".Fortran" "elnet" "glmnet" "cv.glmnet.raw" "cv.glmnet" 
"paste" "getcoef" "elnet" "glmnet" "cv.glmnet.raw" "cv.glmnet" 
"c" ".nextMethod" "callNextMethod" "initialize" "initialize" "new" "newTMat" ".Arith.Csparse" "+" "+" "predict.glmnet" "NextMethod" "predict.elnet" "predict" "buildPredmat.default" "buildPredmat" "cv.glmnet.raw" "cv.glmnet" 
".External2" "optim" 
"fn" "<Anonymous>" ".External2" "optim" 
"fn" "<Anonymous>" ".External2" "optim" 
".External2" "optim" 
"fn" "<Anonymous>" ".External2" "optim" 
"%*%" "dnorm" "fn" "<Anonymous>" ".External2" "optim" 
"fn" "<Anonymous>" ".External2" "optim" 
"fn" "<Anonymous>" ".External2" "optim" 
"dnorm" "fn" "<Anonymous>" ".External2" "optim" 
"%*%" "dnorm" "fn" "<Anonymous>" ".External2" "optim" 
"getcoef" "elnet" "glmnet" "cv.glmnet.raw" "cv.glmnet" 
"glmnet" "cv.glmnet.raw" "cv.glmnet" 
"c" ".nextMethod" "callNextMethod" "initialize" "initialize" "new" "newTMat" ".Arith.Csparse" "+" "+" "predict.glmnet" "NextMethod" "predict.elnet" "predict" "buildPredmat.default" "buildPredmat" "cv.glmnet.raw" "cv.glmnet" 
"weighted.mean.default" "FUN" "apply" "cvcompute" "cvstats" "cv.glmnet.raw" "cv.glmnet" 
"dnorm" "fn" "<Anonymous>" ".External2" "optim" 
"%*%" "dnorm" "fn" "<Anonymous>" ".External2" "optim" 
"%*%" "dnorm" "fn" "<Anonymous>" ".External2" "optim" 
"dnorm" "fn" "<Anonymous>" ".External2" "optim" 
"dnorm" "fn" "<Anonymous>" ".External2" "optim" 
"%*%" "dnorm" "fn" "<Anonymous>" ".External2" "optim" 
"sum" "fn" "<Anonymous>" ".External2" "optim" 
"%*%" "dnorm" "fn" "<Anonymous>" ".External2" "optim" 
"%*%" "dnorm" "fn" "<Anonymous>" ".External2" "optim" 
"drop0" "getcoef" "elnet" "glmnet" "cv.glmnet.raw" "cv.glmnet" 
"glmnet" "cv.glmnet.raw" "cv.glmnet" 
"glmnet" "cv.glmnet.raw" "cv.glmnet" 
".Arith.Csparse" "+" "+" "predict.glmnet" "NextMethod" "predict.elnet" "predict" "buildPredmat.default" "buildPredmat" "cv.glmnet.raw" "cv.glmnet" 
"%*%" "dnorm" "fn" "<Anonymous>" ".External2" "optim" 
"dnorm" "fn" "<Anonymous>" ".External2" "optim" 
"fn" "<Anonymous>" ".External2" "optim" 
"dnorm" "fn" "<Anonymous>" ".External2" "optim" 
"dnorm" "fn" "<Anonymous>" ".External2" "optim" 
"dnorm" "fn" "<Anonymous>" ".External2" "optim" 
"%*%" "dnorm" "fn" "<Anonymous>" ".External2" "optim" 
"dnorm" "fn" "<Anonymous>" ".External2" "optim" 
"dnorm" "fn" "<Anonymous>" ".External2" "optim" 
"%*%" "dnorm" "fn" "<Anonymous>" ".External2" "optim" 
"%*%" "dnorm" "fn" "<Anonymous>" ".External2" "optim" 
"fn" "<Anonymous>" ".External2" "optim" 
"stri_split_boundaries" "str_split" "FUN" "vapply" "fix_replacement" "stri_replace_first_regex" "str_replace" 
".Fortran" "elnet" "glmnet" "cv.glmnet.raw" "cv.glmnet" 
"glmnet" "cv.glmnet.raw" "cv.glmnet" 
".Fortran" "elnet" "glmnet" "cv.glmnet.raw" "cv.glmnet" 
"glmnet" "cv.glmnet.raw" "cv.glmnet" 
"c" ".nextMethod" "callNextMethod" "initialize" "initialize" "new" "newTMat" ".Arith.Csparse" "+" "+" "predict.glmnet" "NextMethod" "predict.elnet" "predict" "buildPredmat.default" "buildPredmat" "cv.glmnet.raw" "cv.glmnet" 
"eval" "eval" "model.frame.default" "model.frame" "model.matrix.default" "model.matrix" 
"%*%" "dnorm" "fn" "<Anonymous>" ".External2" "optim" 
"fn" "<Anonymous>" ".External2" "optim" 
"%*%" "dnorm" "fn" "<Anonymous>" ".External2" "optim" 
"%*%" "dnorm" "fn" "<Anonymous>" ".External2" "optim" 
"%*%" "dnorm" "fn" "<Anonymous>" ".External2" "optim" 
"%*%" "dnorm" "fn" "<Anonymous>" ".External2" "optim" 
"dnorm" "fn" "<Anonymous>" ".External2" "optim" 
"dnorm" "fn" "<Anonymous>" ".External2" "optim" 
"[.data.frame" "[" "na.omit.data.frame" "na.omit" ".External2" "model.frame.default" "model.frame" "model.matrix.default" "model.matrix" 
".Fortran" "elnet" "glmnet" "cv.glmnet.raw" "cv.glmnet" 
"glmnet" "cv.glmnet.raw" "cv.glmnet" 
"c" ".nextMethod" "callNextMethod" "initialize" "initialize" "new" "newTMat" ".Arith.Csparse" "+" "+" "predict.glmnet" "NextMethod" "predict.elnet" "predict" "buildPredmat.default" "buildPredmat" "cv.glmnet.raw" "cv.glmnet" 
"eval" "eval" "model.frame.default" "stats::model.frame" "eval" "eval" "lm" 
"fn" "<Anonymous>" ".External2" "optim" 
"%*%" "dnorm" "fn" "<Anonymous>" ".External2" "optim" 
"%*%" "dnorm" "fn" "<Anonymous>" ".External2" "optim" 
"%*%" "dnorm" "fn" "<Anonymous>" ".External2" "optim" 
"fn" "<Anonymous>" ".External2" "optim" 
"%*%" "dnorm" "fn" "<Anonymous>" ".External2" "optim" 
"dnorm" "fn" "<Anonymous>" ".External2" "optim" 
"%*%" "dnorm" "fn" "<Anonymous>" ".External2" "optim" 
"%*%" "dnorm" "fn" "<Anonymous>" ".External2" "optim" 
"dnorm" "fn" "<Anonymous>" ".External2" "optim" 
"fn" "<Anonymous>" ".External2" "optim" 
"as.vector" ".nextMethod" "callNextMethod" "initialize" "initialize" "new" "is" "drop0" "getcoef" "elnet" "glmnet" "cv.glmnet.raw" "cv.glmnet" 
"matrix" "getcoef" "elnet" "glmnet" "cv.glmnet.raw" "cv.glmnet" 
".Fortran" "elnet" "glmnet" "cv.glmnet.raw" "cv.glmnet" 
".Fortran" "elnet" "glmnet" "cv.glmnet.raw" "cv.glmnet" 
".Fortran" "elnet" "glmnet" "cv.glmnet.raw" "cv.glmnet" 
"matrix" "getcoef" "elnet" "glmnet" "cv.glmnet.raw" "cv.glmnet" 
".Arith.Csparse" "+" "+" "predict.glmnet" "NextMethod" "predict.elnet" "predict" "buildPredmat.default" "buildPredmat" "cv.glmnet.raw" "cv.glmnet" 
"%*%" "dnorm" "fn" "<Anonymous>" ".External2" "optim" 
"%*%" "dnorm" "fn" "<Anonymous>" ".External2" "optim" 
"%*%" "dnorm" "fn" "<Anonymous>" ".External2" "optim" 
"%*%" "dnorm" "fn" "<Anonymous>" ".External2" "optim" 
"dnorm" "fn" "<Anonymous>" ".External2" "optim" 
"%*%" "dnorm" "fn" "<Anonymous>" ".External2" "optim" 
"%*%" "dnorm" "fn" "<Anonymous>" ".External2" "optim" 
"%*%" "dnorm" "fn" "<Anonymous>" ".External2" "optim" 
"%*%" "dnorm" "fn" "<Anonymous>" ".External2" "optim" 
"%*%" "dnorm" "fn" "<Anonymous>" ".External2" "optim" 
"dnorm" "fn" "<Anonymous>" ".External2" "optim" 
"glmnet" "cv.glmnet.raw" "cv.glmnet" 
"glmnet" "cv.glmnet.raw" "cv.glmnet" 
".Arith.Csparse" "+" "+" "predict.glmnet" "NextMethod" "predict.elnet" "predict" "buildPredmat.default" "buildPredmat" "cv.glmnet.raw" "cv.glmnet" 
"eval" "eval" "model.frame.default" "stats::model.frame" "eval" "eval" "lm" 
"dnorm" "fn" "<Anonymous>" ".External2" "optim" 
"%*%" "dnorm" "fn" "<Anonymous>" ".External2" "optim" 
"fn" "<Anonymous>" ".External2" "optim" 
"%*%" "dnorm" "fn" "<Anonymous>" ".External2" "optim" 
"dnorm" "fn" "<Anonymous>" ".External2" "optim" 
"%*%" "dnorm" "fn" "<Anonymous>" ".External2" "optim" 
"fn" "<Anonymous>" ".External2" "optim" 
"dnorm" "fn" "<Anonymous>" ".External2" "optim" 
"fn" "<Anonymous>" ".External2" "optim" 
"as.integer" ".nextMethod" "callNextMethod" "initialize" "initialize" "new" "is" "drop0" "getcoef" "elnet" "glmnet" "cv.glmnet.raw" "cv.glmnet" 
"glmnet" "cv.glmnet.raw" "cv.glmnet" 
"glmnet" "cv.glmnet.raw" "cv.glmnet" 
"c" ".nextMethod" "callNextMethod" "initialize" "initialize" "new" "newTMat" ".Arith.Csparse" "+" "+" "predict.glmnet" "NextMethod" "predict.elnet" "predict" "buildPredmat.default" "buildPredmat" "cv.glmnet.raw" "cv.glmnet" 
"weighted.mean.default" "FUN" "apply" "cvcompute" "cvstats" "cv.glmnet.raw" "cv.glmnet" 
"weighted.mean.default" "FUN" "apply" "cvcompute" "cvstats" "cv.glmnet.raw" "cv.glmnet" 
"match.arg" "coef.cv.glmnet" "coef" "standardGeneric" "coef" "standardGeneric" "as.matrix" 
"fn" "<Anonymous>" ".External2" "optim" 
"%*%" "dnorm" "fn" "<Anonymous>" ".External2" "optim" 
"%*%" "dnorm" "fn" "<Anonymous>" ".External2" "optim" 
"%*%" "dnorm" "fn" "<Anonymous>" ".External2" "optim" 
"fn" "<Anonymous>" ".External2" "optim" 
".External2" "optim" 
"%*%" "dnorm" "fn" "<Anonymous>" ".External2" "optim" 
"%*%" "dnorm" "fn" "<Anonymous>" ".External2" "optim" 
"fn" "<Anonymous>" ".External2" "optim" 
"glmnet" "cv.glmnet.raw" "cv.glmnet" 
"glmnet" "cv.glmnet.raw" "cv.glmnet" 
"glmnet" "cv.glmnet.raw" "cv.glmnet" 
"c" ".nextMethod" "callNextMethod" "initialize" "initialize" "new" "newTMat" ".Arith.Csparse" "+" "+" "predict.glmnet" "NextMethod" "predict.elnet" "predict" "buildPredmat.default" "buildPredmat" "cv.glmnet.raw" "cv.glmnet" 
"%*%" "dnorm" "fn" "<Anonymous>" ".External2" "optim" 
"%*%" "dnorm" "fn" "<Anonymous>" ".External2" "optim" 
"dnorm" "fn" "<Anonymous>" ".External2" "optim" 
"dnorm" "fn" "<Anonymous>" ".External2" "optim" 
"%*%" "dnorm" "fn" "<Anonymous>" ".External2" "optim" 
"%*%" "dnorm" "fn" "<Anonymous>" ".External2" "optim" 
"dnorm" "fn" "<Anonymous>" ".External2" "optim" 
"%*%" "dnorm" "fn" "<Anonymous>" ".External2" "optim" 
"%*%" "dnorm" "fn" "<Anonymous>" ".External2" "optim" 
"%*%" "dnorm" "fn" "<Anonymous>" ".External2" "optim" 
"%*%" "dnorm" "fn" "<Anonymous>" ".External2" "optim" 
"glmnet" "cv.glmnet.raw" "cv.glmnet" 
"glmnet" "cv.glmnet.raw" "cv.glmnet" 
"glmnet" "cv.glmnet.raw" "cv.glmnet" 
"c" ".nextMethod" "callNextMethod" "initialize" "initialize" "new" "newTMat" ".Arith.Csparse" "+" "+" "predict.glmnet" "NextMethod" "predict.elnet" "predict" "buildPredmat.default" "buildPredmat" "cv.glmnet.raw" "cv.glmnet" 
"class" "is" ".findMethodInTable" ".quickCoerceSelect" "as" "as_Csp2" ".rbind2Csp" "rbind2sparse" "rbind2" "rbind2" "methods::rbind2" "methods::rbind2" "predict.glmnet" "NextMethod" "predict.elnet" "predict" "coef.glmnet" "coef" "coef.cv.glmnet" "coef" "standardGeneric" "coef" "standardGeneric" "as.matrix" 
"%*%" "dnorm" "fn" "<Anonymous>" ".External2" "optim" 
"dnorm" "fn" "<Anonymous>" ".External2" "optim" 
"%*%" "dnorm" "fn" "<Anonymous>" ".External2" "optim" 
"%*%" "dnorm" "fn" "<Anonymous>" ".External2" "optim" 
"fn" "<Anonymous>" ".External2" "optim" 
"fn" "<Anonymous>" ".External2" "optim" 
"dnorm" "fn" "<Anonymous>" ".External2" "optim" 
"%*%" "dnorm" "fn" "<Anonymous>" ".External2" "optim" 
"%*%" "dnorm" "fn" "<Anonymous>" ".External2" "optim" 
".External2" "optim" 
"dnorm" "fn" "<Anonymous>" ".External2" "optim" 
"stri_split_boundaries" "str_split" "FUN" "vapply" "fix_replacement" "stri_replace_first_regex" "str_replace" 
"matrix" "getcoef" "elnet" "glmnet" "cv.glmnet.raw" "cv.glmnet" 
".Fortran" "elnet" "glmnet" "cv.glmnet.raw" "cv.glmnet" 
".Fortran" "elnet" "glmnet" "cv.glmnet.raw" "cv.glmnet" 
".Arith.Csparse" "+" "+" "predict.glmnet" "NextMethod" "predict.elnet" "predict" "buildPredmat.default" "buildPredmat" "cv.glmnet.raw" "cv.glmnet" 
"FUN" "apply" "cvcompute" "cvstats" "cv.glmnet.raw" "cv.glmnet" 
"dnorm" "fn" "<Anonymous>" ".External2" "optim" 
"%*%" "dnorm" "fn" "<Anonymous>" ".External2" "optim" 
"dnorm" "fn" "<Anonymous>" ".External2" "optim" 
"fn" "<Anonymous>" ".External2" "optim" 
"%*%" "dnorm" "fn" "<Anonymous>" ".External2" "optim" 
"%*%" "dnorm" "fn" "<Anonymous>" ".External2" "optim" 
"%*%" "dnorm" "fn" "<Anonymous>" ".External2" "optim" 
"%*%" "dnorm" "fn" "<Anonymous>" ".External2" "optim" 
"%*%" "dnorm" "fn" "<Anonymous>" ".External2" "optim" 
"%*%" "dnorm" "fn" "<Anonymous>" ".External2" "optim" 
".Fortran" "elnet" "glmnet" "cv.glmnet.raw" "cv.glmnet" 
"matrix" "getcoef" "elnet" "glmnet" "cv.glmnet.raw" "cv.glmnet" 
".Fortran" "elnet" "glmnet" "cv.glmnet.raw" "cv.glmnet" 
".Fortran" "elnet" "glmnet" "cv.glmnet.raw" "cv.glmnet" 
".Fortran" "elnet" "glmnet" "cv.glmnet.raw" "cv.glmnet" 
"matrix" "getcoef" "elnet" "glmnet" "cv.glmnet.raw" "cv.glmnet" 
".Fortran" "elnet" "glmnet" "cv.glmnet.raw" "cv.glmnet" 
"unique" "regularize.values" "approx" "lambda.interp" "predict.glmnet" "NextMethod" "predict.elnet" "predict" "buildPredmat.default" "buildPredmat" "cv.glmnet.raw" "cv.glmnet" 
"eval" "eval" "model.frame.default" "stats::model.frame" "eval" "eval" "lm" 
"%*%" "dnorm" "fn" "<Anonymous>" ".External2" "optim" 
"%*%" "dnorm" "fn" "<Anonymous>" ".External2" "optim" 
"%*%" "dnorm" "fn" "<Anonymous>" ".External2" "optim" 
"dnorm" "fn" "<Anonymous>" ".External2" "optim" 
"dnorm" "fn" "<Anonymous>" ".External2" "optim" 
"fn" "<Anonymous>" ".External2" "optim" 
"fn" "<Anonymous>" ".External2" "optim" 
"%*%" "dnorm" "fn" "<Anonymous>" ".External2" "optim" 
"%*%" "dnorm" "fn" "<Anonymous>" ".External2" "optim" 
"dnorm" "fn" "<Anonymous>" ".External2" "optim" 
"fn" "<Anonymous>" ".External2" "optim" 
"%*%" "dnorm" "fn" "<Anonymous>" ".External2" "optim" 
"%*%" "dnorm" "fn" "<Anonymous>" ".External2" "optim" 
"glmnet" "cv.glmnet.raw" "cv.glmnet" 
"matrix" "buildPredmat.default" "buildPredmat" "cv.glmnet.raw" "cv.glmnet" 
"c" ".nextMethod" "callNextMethod" "initialize" "initialize" "new" "newTMat" ".Arith.Csparse" "+" "+" "predict.glmnet" "NextMethod" "predict.elnet" "predict" "buildPredmat.default" "buildPredmat" "cv.glmnet.raw" "cv.glmnet" 
"<Anonymous>" ".External2" "optim" 
"dnorm" "fn" "<Anonymous>" ".External2" "optim" 
"fn" "<Anonymous>" ".External2" "optim" 
"%*%" "dnorm" "fn" "<Anonymous>" ".External2" "optim" 
"%*%" "dnorm" "fn" "<Anonymous>" ".External2" "optim" 
"dnorm" "fn" "<Anonymous>" ".External2" "optim" 
"dnorm" "fn" "<Anonymous>" ".External2" "optim" 
"fn" "<Anonymous>" ".External2" "optim" 
"%*%" "dnorm" "fn" "<Anonymous>" ".External2" "optim" 
".Fortran" "elnet" "glmnet" "cv.glmnet.raw" "cv.glmnet" 
"glmnet" "cv.glmnet.raw" "cv.glmnet" 
"glmnet" "cv.glmnet.raw" "cv.glmnet" 
"matrix" "buildPredmat.default" "buildPredmat" "cv.glmnet.raw" "cv.glmnet" 
"c" ".nextMethod" "callNextMethod" "initialize" "initialize" "new" "newTMat" ".Arith.Csparse" "+" "+" "predict.glmnet" "NextMethod" "predict.elnet" "predict" "buildPredmat.default" "buildPredmat" "cv.glmnet.raw" "cv.glmnet" 
"%*%" "dnorm" "fn" "<Anonymous>" ".External2" "optim" 
"%*%" "dnorm" "fn" "<Anonymous>" ".External2" "optim" 
"%*%" "dnorm" "fn" "<Anonymous>" ".External2" "optim" 
"fn" "<Anonymous>" ".External2" "optim" 
"fn" "<Anonymous>" ".External2" "optim" 
"%*%" "dnorm" "fn" "<Anonymous>" ".External2" "optim" 
"%*%" "dnorm" "fn" "<Anonymous>" ".External2" "optim" 
"fn" "<Anonymous>" ".External2" "optim" 
"%*%" "dnorm" "fn" "<Anonymous>" ".External2" "optim" 
"%*%" "dnorm" "fn" "<Anonymous>" ".External2" "optim" 
"eval" "eval" "model.frame.default" "model.frame" "model.matrix.default" "model.matrix" 
"glmnet" "cv.glmnet.raw" "cv.glmnet" 
"as.double" "elnet" "glmnet" "cv.glmnet.raw" "cv.glmnet" 
"as.double" "elnet" "glmnet" "cv.glmnet.raw" "cv.glmnet" 
".Fortran" "elnet" "glmnet" "cv.glmnet.raw" "cv.glmnet" 
".Fortran" "elnet" "glmnet" "cv.glmnet.raw" "cv.glmnet" 
"glmnet" "cv.glmnet.raw" "cv.glmnet" 
"c" ".nextMethod" "callNextMethod" "initialize" "initialize" "new" "newTMat" ".Arith.Csparse" "+" "+" "predict.glmnet" "NextMethod" "predict.elnet" "predict" "buildPredmat.default" "buildPredmat" "cv.glmnet.raw" "cv.glmnet" 
".External2" "model.matrix.default" "model.matrix" "lm" 
"%*%" "dnorm" "fn" "<Anonymous>" ".External2" "optim" 
"dnorm" "fn" "<Anonymous>" ".External2" "optim" 
".External2" "optim" 
"fn" "<Anonymous>" ".External2" "optim" 
"%*%" "dnorm" "fn" "<Anonymous>" ".External2" "optim" 
"dnorm" "fn" "<Anonymous>" ".External2" "optim" 
"dnorm" "fn" "<Anonymous>" ".External2" "optim" 
"%*%" "dnorm" "fn" "<Anonymous>" ".External2" "optim" 
"fn" "<Anonymous>" ".External2" "optim" 
"rnorm" "matrix" "MASS::mvrnorm" 
".Fortran" "elnet" "glmnet" "cv.glmnet.raw" "cv.glmnet" 
"as.double" "elnet" "glmnet" "cv.glmnet.raw" "cv.glmnet" 
"c" ".nextMethod" "callNextMethod" "initialize" "initialize" "new" "newTMat" ".Arith.Csparse" "+" "+" "predict.glmnet" "NextMethod" "predict.elnet" "predict" "buildPredmat.default" "buildPredmat" "cv.glmnet.raw" "cv.glmnet" 
"getClassDef" "is" "extends" "non0ind" ".Arith.Csparse" "+" "+" "predict.glmnet" "NextMethod" "predict.elnet" "predict" "coef.glmnet" "coef" "coef.cv.glmnet" "coef" "standardGeneric" "coef" "standardGeneric" "as.matrix" 
"%*%" "dnorm" "fn" "<Anonymous>" ".External2" "optim" 
"%*%" "dnorm" "fn" "<Anonymous>" ".External2" "optim" 
"dnorm" "fn" "<Anonymous>" ".External2" "optim" 
"%*%" "dnorm" "fn" "<Anonymous>" ".External2" "optim" 
"%*%" "dnorm" "fn" "<Anonymous>" ".External2" "optim" 
"%*%" "dnorm" "fn" "<Anonymous>" ".External2" "optim" 
"fn" "<Anonymous>" ".External2" "optim" 
"%*%" "dnorm" "fn" "<Anonymous>" ".External2" "optim" 
"dnorm" "fn" "<Anonymous>" ".External2" "optim" 
"glmnet" "cv.glmnet.raw" "cv.glmnet" 
"glmnet" "cv.glmnet.raw" "cv.glmnet" 
"glmnet" "cv.glmnet.raw" "cv.glmnet" 
"glmnet" "cv.glmnet.raw" "cv.glmnet" 
"glmnet" "cv.glmnet.raw" "cv.glmnet" 
"matrix" "buildPredmat.default" "buildPredmat" "cv.glmnet.raw" "cv.glmnet" 
"c" ".nextMethod" "callNextMethod" "initialize" "initialize" "new" "newTMat" ".Arith.Csparse" "+" "+" "predict.glmnet" "NextMethod" "predict.elnet" "predict" "buildPredmat.default" "buildPredmat" "cv.glmnet.raw" "cv.glmnet" 
"%*%" "dnorm" "fn" "<Anonymous>" ".External2" "optim" 
"dnorm" "fn" "<Anonymous>" ".External2" "optim" 
"dnorm" "fn" "<Anonymous>" ".External2" "optim" 
"%*%" "dnorm" "fn" "<Anonymous>" ".External2" "optim" 
"dnorm" "fn" "<Anonymous>" ".External2" "optim" 
"%*%" "dnorm" "fn" "<Anonymous>" ".External2" "optim" 
"%*%" "dnorm" "fn" "<Anonymous>" ".External2" "optim" 
"%*%" "dnorm" "fn" "<Anonymous>" ".External2" "optim" 
"%*%" "dnorm" "fn" "<Anonymous>" ".External2" "optim" 
"dnorm" "fn" "<Anonymous>" ".External2" "optim" 
"dnorm" "fn" "<Anonymous>" ".External2" "optim" 
"ncol" "fn" "<Anonymous>" ".External2" "optim" 
"getClassDef" "is" ".findMethodInTable" ".quickCoerceSelect" "as" "as_Csp2" ".rbind2Csp" "rbind2sparse" "rbind2" "rbind2" "methods::rbind2" "methods::rbind2" "predict.glmnet" "NextMethod" "predict.elnet" "predict" "lapply" "sapply" "cv.glmnet.raw" "cv.glmnet" 
".Fortran" "elnet" "glmnet" "cv.glmnet.raw" "cv.glmnet" 
"glmnet" "cv.glmnet.raw" "cv.glmnet" 
"glmnet" "cv.glmnet.raw" "cv.glmnet" 
"c" ".nextMethod" "callNextMethod" "initialize" "initialize" "new" "newTMat" ".Arith.Csparse" "+" "+" "predict.glmnet" "NextMethod" "predict.elnet" "predict" "buildPredmat.default" "buildPredmat" "cv.glmnet.raw" "cv.glmnet" 
"%*%" "dnorm" "fn" "<Anonymous>" ".External2" "optim" 
"dnorm" "fn" "<Anonymous>" ".External2" "optim" 
"%*%" "dnorm" "fn" "<Anonymous>" ".External2" "optim" 
"%*%" "dnorm" "fn" "<Anonymous>" ".External2" "optim" 
"%*%" "dnorm" "fn" "<Anonymous>" ".External2" "optim" 
"dnorm" "fn" "<Anonymous>" ".External2" "optim" 
"%*%" "dnorm" "fn" "<Anonymous>" ".External2" "optim" 
"fn" "<Anonymous>" ".External2" "optim" 
"%*%" "dnorm" "fn" "<Anonymous>" ".External2" "optim" 
"glmnet" "cv.glmnet.raw" "cv.glmnet" 
"glmnet" "cv.glmnet.raw" "cv.glmnet" 
"is.numeric" "validityMethod" "isTRUE" "anyStrings" "validObject" ".nextMethod" "callNextMethod" "initialize" "initialize" "new" "Diagonal" "predict.glmnet" "NextMethod" "predict.elnet" "predict" "buildPredmat.default" "buildPredmat" "cv.glmnet.raw" "cv.glmnet" 
".External2" "optim" 
"%*%" "dnorm" "fn" "<Anonymous>" ".External2" "optim" 
"<Anonymous>" ".External2" "optim" 
"dnorm" "fn" "<Anonymous>" ".External2" "optim" 
".External2" "optim" 
"dnorm" "fn" "<Anonymous>" ".External2" "optim" 
"dnorm" "fn" "<Anonymous>" ".External2" "optim" 
"%*%" "dnorm" "fn" "<Anonymous>" ".External2" "optim" 
"fn" "<Anonymous>" ".External2" "optim" 
"fn" "<Anonymous>" ".External2" "optim" 
"dim" "dim" "colCheck" "rbind2" "rbind2" "methods::rbind2" "methods::rbind2" "predict.glmnet" "NextMethod" "predict.elnet" "predict" "lapply" "sapply" "cv.glmnet.raw" "cv.glmnet" 
"glmnet" "cv.glmnet.raw" "cv.glmnet" 
"glmnet" "cv.glmnet.raw" "cv.glmnet" 
".getMethodsTable" "as" "isTRUE" "validityMethod" "isTRUE" "anyStrings" "validObject" ".nextMethod" "callNextMethod" "initialize" "initialize" "new" "is" "drop0" "getcoef" "elnet" "glmnet" "cv.glmnet.raw" "cv.glmnet" 
"c" ".nextMethod" "callNextMethod" "initialize" "initialize" "new" "newTMat" ".Arith.Csparse" "+" "+" "predict.glmnet" "NextMethod" "predict.elnet" "predict" "buildPredmat.default" "buildPredmat" "cv.glmnet.raw" "cv.glmnet" 
"%*%" "dnorm" "fn" "<Anonymous>" ".External2" "optim" 
"dnorm" "fn" "<Anonymous>" ".External2" "optim" 
"dnorm" "fn" "<Anonymous>" ".External2" "optim" 
"%*%" "dnorm" "fn" "<Anonymous>" ".External2" "optim" 
"%*%" "dnorm" "fn" "<Anonymous>" ".External2" "optim" 
"sum" "fn" "<Anonymous>" ".External2" "optim" 
"fn" "<Anonymous>" ".External2" "optim" 
"dnorm" "fn" "<Anonymous>" ".External2" "optim" 
"%*%" "dnorm" "fn" "<Anonymous>" ".External2" "optim" 
"dnorm" "fn" "<Anonymous>" ".External2" "optim" 
"glmnet" "cv.glmnet.raw" "cv.glmnet" 
"glmnet" "cv.glmnet.raw" "cv.glmnet" 
"c" ".nextMethod" "callNextMethod" "initialize" "initialize" "new" "newTMat" ".Arith.Csparse" "+" "+" "predict.glmnet" "NextMethod" "predict.elnet" "predict" "buildPredmat.default" "buildPredmat" "cv.glmnet.raw" "cv.glmnet" 
"is.na" "weighted.mean.default" "FUN" "apply" "cvcompute" "cvstats" "cv.glmnet.raw" "cv.glmnet" 
"%*%" "dnorm" "fn" "<Anonymous>" ".External2" "optim" 
"%*%" "dnorm" "fn" "<Anonymous>" ".External2" "optim" 
"%*%" "dnorm" "fn" "<Anonymous>" ".External2" "optim" 
"%*%" "dnorm" "fn" "<Anonymous>" ".External2" "optim" 
"%*%" "dnorm" "fn" "<Anonymous>" ".External2" "optim" 
"%*%" "dnorm" "fn" "<Anonymous>" ".External2" "optim" 
"dnorm" "fn" "<Anonymous>" ".External2" "optim" 
"%*%" "dnorm" "fn" "<Anonymous>" ".External2" "optim" 
"glmnet" "cv.glmnet.raw" "cv.glmnet" 
"glmnet" "cv.glmnet.raw" "cv.glmnet" 
"drop0" "getcoef" "elnet" "glmnet" "cv.glmnet.raw" "cv.glmnet" 
"drop0" "getcoef" "elnet" "glmnet" "cv.glmnet.raw" "cv.glmnet" 
".Fortran" "elnet" "glmnet" "cv.glmnet.raw" "cv.glmnet" 
".Arith.Csparse" "+" "+" "predict.glmnet" "NextMethod" "predict.elnet" "predict" "buildPredmat.default" "buildPredmat" "cv.glmnet.raw" "cv.glmnet" 
"c" ".nextMethod" "callNextMethod" "initialize" "initialize" "new" "newTMat" ".Arith.Csparse" "+" "+" "predict.glmnet" "NextMethod" "predict.elnet" "predict" "buildPredmat.default" "buildPredmat" "cv.glmnet.raw" "cv.glmnet" 
".External2" "optim" 
"dnorm" "fn" "<Anonymous>" ".External2" "optim" 
"%*%" "dnorm" "fn" "<Anonymous>" ".External2" "optim" 
"dnorm" "fn" "<Anonymous>" ".External2" "optim" 
"%*%" "dnorm" "fn" "<Anonymous>" ".External2" "optim" 
"%*%" "dnorm" "fn" "<Anonymous>" ".External2" "optim" 
"<Anonymous>" ".External2" "optim" 
"dnorm" "fn" "<Anonymous>" ".External2" "optim" 
"dnorm" "fn" "<Anonymous>" ".External2" "optim" 
"dnorm" "fn" "<Anonymous>" ".External2" "optim" 
"glmnet" "cv.glmnet.raw" "cv.glmnet" 
"glmnet" "cv.glmnet.raw" "cv.glmnet" 
"c" ".nextMethod" "callNextMethod" "initialize" "initialize" "new" "newTMat" ".Arith.Csparse" "+" "+" "predict.glmnet" "NextMethod" "predict.elnet" "predict" "buildPredmat.default" "buildPredmat" "cv.glmnet.raw" "cv.glmnet" 
"apply" "cvcompute" "cvstats" "cv.glmnet.raw" "cv.glmnet" 
"dim" "ncol" "fn" "<Anonymous>" ".External2" "optim" 
"%*%" "dnorm" "fn" "<Anonymous>" ".External2" "optim" 
"dnorm" "fn" "<Anonymous>" ".External2" "optim" 
"%*%" "dnorm" "fn" "<Anonymous>" ".External2" "optim" 
"fn" "<Anonymous>" ".External2" "optim" 
"fn" "<Anonymous>" ".External2" "optim" 
"sum" "fn" "<Anonymous>" ".External2" "optim" 
"dnorm" "fn" "<Anonymous>" ".External2" "optim" 
".Fortran" "elnet" "glmnet" "cv.glmnet.raw" "cv.glmnet" 
".Fortran" "elnet" "glmnet" "cv.glmnet.raw" "cv.glmnet" 
"matrix" "getcoef" "elnet" "glmnet" "cv.glmnet.raw" "cv.glmnet" 
".Fortran" "elnet" "glmnet" "cv.glmnet.raw" "cv.glmnet" 
".Fortran" "elnet" "glmnet" "cv.glmnet.raw" "cv.glmnet" 
".Fortran" "elnet" "glmnet" "cv.glmnet.raw" "cv.glmnet" 
".Fortran" "elnet" "glmnet" "cv.glmnet.raw" "cv.glmnet" 
".Arith.Csparse" "+" "+" "predict.glmnet" "NextMethod" "predict.elnet" "predict" "buildPredmat.default" "buildPredmat" "cv.glmnet.raw" "cv.glmnet" 
"eval" "eval" "model.frame.default" "stats::model.frame" "eval" "eval" "lm" 
"%*%" "dnorm" "fn" "<Anonymous>" ".External2" "optim" 
"dnorm" "fn" "<Anonymous>" ".External2" "optim" 
"dnorm" "fn" "<Anonymous>" ".External2" "optim" 
"dnorm" "fn" "<Anonymous>" ".External2" "optim" 
"%*%" "dnorm" "fn" "<Anonymous>" ".External2" "optim" 
"dnorm" "fn" "<Anonymous>" ".External2" "optim" 
"%*%" "dnorm" "fn" "<Anonymous>" ".External2" "optim" 
"%*%" "dnorm" "fn" "<Anonymous>" ".External2" "optim" 
"dnorm" "fn" "<Anonymous>" ".External2" "optim" 
"%*%" "dnorm" "fn" "<Anonymous>" ".External2" "optim" 
"%*%" "dnorm" "fn" "<Anonymous>" ".External2" "optim" 
"%*%" "dnorm" "fn" "<Anonymous>" ".External2" "optim" 
".Fortran" "elnet" "glmnet" "cv.glmnet.raw" "cv.glmnet" 
".Fortran" "elnet" "glmnet" "cv.glmnet.raw" "cv.glmnet" 
".Fortran" "elnet" "glmnet" "cv.glmnet.raw" "cv.glmnet" 
".Fortran" "elnet" "glmnet" "cv.glmnet.raw" "cv.glmnet" 
".Fortran" "elnet" "glmnet" "cv.glmnet.raw" "cv.glmnet" 
".Fortran" "elnet" "glmnet" "cv.glmnet.raw" "cv.glmnet" 
".Fortran" "elnet" "glmnet" "cv.glmnet.raw" "cv.glmnet" 
".Fortran" "elnet" "glmnet" "cv.glmnet.raw" "cv.glmnet" 
".Fortran" "elnet" "glmnet" "cv.glmnet.raw" "cv.glmnet" 
".Fortran" "elnet" "glmnet" "cv.glmnet.raw" "cv.glmnet" 
".Fortran" "elnet" "glmnet" "cv.glmnet.raw" "cv.glmnet" 
".Arith.Csparse" "+" "+" "predict.glmnet" "NextMethod" "predict.elnet" "predict" "buildPredmat.default" "buildPredmat" "cv.glmnet.raw" "cv.glmnet" 
"is.numeric" "is.numeric" "validityMethod" "isTRUE" "anyStrings" "validObject" ".nextMethod" "callNextMethod" "initialize" "initialize" "new" "newTMat" ".Arith.Csparse" "+" "+" "predict.glmnet" "NextMethod" "predict.elnet" "predict" "coef.glmnet" "coef" "coef.cv.glmnet" "coef" "standardGeneric" "coef" "standardGeneric" "as.matrix" 
"dnorm" "fn" "<Anonymous>" ".External2" "optim" 
"%*%" "dnorm" "fn" "<Anonymous>" ".External2" "optim" 
"dnorm" "fn" "<Anonymous>" ".External2" "optim" 
"%*%" "dnorm" "fn" "<Anonymous>" ".External2" "optim" 
"dnorm" "fn" "<Anonymous>" ".External2" "optim" 
"%*%" "dnorm" "fn" "<Anonymous>" ".External2" "optim" 
"dnorm" "fn" "<Anonymous>" ".External2" "optim" 
"dnorm" "fn" "<Anonymous>" ".External2" "optim" 
"%*%" "dnorm" "fn" "<Anonymous>" ".External2" "optim" 
"fn" "<Anonymous>" ".External2" "optim" 
".Fortran" "elnet" "glmnet" "cv.glmnet.raw" "cv.glmnet" 
"matrix" "getcoef" "elnet" "glmnet" "cv.glmnet.raw" "cv.glmnet" 
".Fortran" "elnet" "glmnet" "cv.glmnet.raw" "cv.glmnet" 
"matrix" "getcoef" "elnet" "glmnet" "cv.glmnet.raw" "cv.glmnet" 
".Fortran" "elnet" "glmnet" "cv.glmnet.raw" "cv.glmnet" 
"c" ".nextMethod" "callNextMethod" "initialize" "initialize" "new" "newTMat" ".Arith.Csparse" "+" "+" "predict.glmnet" "NextMethod" "predict.elnet" "predict" "buildPredmat.default" "buildPredmat" "cv.glmnet.raw" "cv.glmnet" 
"%*%" "dnorm" "fn" "<Anonymous>" ".External2" "optim" 
"%*%" "dnorm" "fn" "<Anonymous>" ".External2" "optim" 
"fn" "<Anonymous>" ".External2" "optim" 
"fn" "<Anonymous>" ".External2" "optim" 
"dnorm" "fn" "<Anonymous>" ".External2" "optim" 
"%*%" "dnorm" "fn" "<Anonymous>" ".External2" "optim" 
"%*%" "dnorm" "fn" "<Anonymous>" ".External2" "optim" 
"%*%" "dnorm" "fn" "<Anonymous>" ".External2" "optim" 
"fn" "<Anonymous>" ".External2" "optim" 
"%*%" "dnorm" "fn" "<Anonymous>" ".External2" "optim" 
"%*%" "dnorm" "fn" "<Anonymous>" ".External2" "optim" 
"%*%" "dnorm" "fn" "<Anonymous>" ".External2" "optim" 
"glmnet" "cv.glmnet.raw" "cv.glmnet" 
"glmnet" "cv.glmnet.raw" "cv.glmnet" 
"matrix" "buildPredmat.default" "buildPredmat" "cv.glmnet.raw" "cv.glmnet" 
"cv.elnet" "do.call" "cv.glmnet.raw" "cv.glmnet" 
"%*%" "dnorm" "fn" "<Anonymous>" ".External2" "optim" 
"%*%" "dnorm" "fn" "<Anonymous>" ".External2" "optim" 
"<Anonymous>" ".External2" "optim" 
"%*%" "dnorm" "fn" "<Anonymous>" ".External2" "optim" 
"%*%" "dnorm" "fn" "<Anonymous>" ".External2" "optim" 
"%*%" "dnorm" "fn" "<Anonymous>" ".External2" "optim" 
"%*%" "dnorm" "fn" "<Anonymous>" ".External2" "optim" 
"dnorm" "fn" "<Anonymous>" ".External2" "optim" 
"dnorm" "fn" "<Anonymous>" ".External2" "optim" 
"dnorm" "fn" "<Anonymous>" ".External2" "optim" 
"%*%" "dnorm" "fn" "<Anonymous>" ".External2" "optim" 
"glmnet" "cv.glmnet.raw" "cv.glmnet" 
"as.double" "elnet" "glmnet" "cv.glmnet.raw" "cv.glmnet" 
"is.numeric" "is.numeric" "non0ind" ".Arith.Csparse" "+" "+" "predict.glmnet" "NextMethod" "predict.elnet" "predict" "buildPredmat.default" "buildPredmat" "cv.glmnet.raw" "cv.glmnet" 
"weighted.mean.default" "FUN" "apply" "cvcompute" "cvstats" "cv.glmnet.raw" "cv.glmnet" 
"ncol" "fn" "<Anonymous>" ".External2" "optim" 
"%*%" "dnorm" "fn" "<Anonymous>" ".External2" "optim" 
"dnorm" "fn" "<Anonymous>" ".External2" "optim" 
"%*%" "dnorm" "fn" "<Anonymous>" ".External2" "optim" 
"%*%" "dnorm" "fn" "<Anonymous>" ".External2" "optim" 
"%*%" "dnorm" "fn" "<Anonymous>" ".External2" "optim" 
"dnorm" "fn" "<Anonymous>" ".External2" "optim" 
"%*%" "dnorm" "fn" "<Anonymous>" ".External2" "optim" 
"%*%" "dnorm" "fn" "<Anonymous>" ".External2" "optim" 
"dnorm" "fn" "<Anonymous>" ".External2" "optim" 
".Fortran" "elnet" "glmnet" "cv.glmnet.raw" "cv.glmnet" 
"glmnet" "cv.glmnet.raw" "cv.glmnet" 
"glmnet" "cv.glmnet.raw" "cv.glmnet" 
"c" ".nextMethod" "callNextMethod" "initialize" "initialize" "new" "newTMat" ".Arith.Csparse" "+" "+" "predict.glmnet" "NextMethod" "predict.elnet" "predict" "buildPredmat.default" "buildPredmat" "cv.glmnet.raw" "cv.glmnet" 
"eval" "eval" "model.frame.default" "stats::model.frame" "eval" "eval" "lm" 
"%*%" "dnorm" "fn" "<Anonymous>" ".External2" "optim" 
"%*%" "dnorm" "fn" "<Anonymous>" ".External2" "optim" 
"%*%" "dnorm" "fn" "<Anonymous>" ".External2" "optim" 
"%*%" "dnorm" "fn" "<Anonymous>" ".External2" "optim" 
"%*%" "dnorm" "fn" "<Anonymous>" ".External2" "optim" 
"ncol" "fn" "<Anonymous>" ".External2" "optim" 
"%*%" "dnorm" "fn" "<Anonymous>" ".External2" "optim" 
"%*%" "dnorm" "fn" "<Anonymous>" ".External2" "optim" 
".External2" "optim" 
"@<-" "initialize" "initialize" "new" "is" "drop0" "getcoef" "elnet" "glmnet" "cv.glmnet.raw" "cv.glmnet" 
".Fortran" "elnet" "glmnet" "cv.glmnet.raw" "cv.glmnet" 
".Fortran" "elnet" "glmnet" "cv.glmnet.raw" "cv.glmnet" 
"glmnet" "cv.glmnet.raw" "cv.glmnet" 
".Fortran" "elnet" "glmnet" "cv.glmnet.raw" "cv.glmnet" 
"c" ".nextMethod" "callNextMethod" "initialize" "initialize" "new" "newTMat" ".Arith.Csparse" "+" "+" "predict.glmnet" "NextMethod" "predict.elnet" "predict" "buildPredmat.default" "buildPredmat" "cv.glmnet.raw" "cv.glmnet" 
"%*%" "dnorm" "fn" "<Anonymous>" ".External2" "optim" 
"dnorm" "fn" "<Anonymous>" ".External2" "optim" 
"%*%" "dnorm" "fn" "<Anonymous>" ".External2" "optim" 
"%*%" "dnorm" "fn" "<Anonymous>" ".External2" "optim" 
".External2" "optim" 
"%*%" "dnorm" "fn" "<Anonymous>" ".External2" "optim" 
".External2" "optim" 
"dnorm" "fn" "<Anonymous>" ".External2" "optim" 
"dnorm" "fn" "<Anonymous>" ".External2" "optim" 
"dnorm" "fn" "<Anonymous>" ".External2" "optim" 
"dnorm" "fn" "<Anonymous>" ".External2" "optim" 
"%*%" "dnorm" "fn" "<Anonymous>" ".External2" "optim" 
"dnorm" "fn" "<Anonymous>" ".External2" "optim" 
"as.double" "elnet" "glmnet" "cv.glmnet.raw" "cv.glmnet" 
"as.double" "elnet" "glmnet" "cv.glmnet.raw" "cv.glmnet" 
"slot" "doTryCatch" "tryCatchOne" "tryCatchList" "tryCatch" "try" "validObject" ".nextMethod" "callNextMethod" "initialize" "initialize" "new" "Diagonal" "predict.glmnet" "NextMethod" "predict.elnet" "predict" "buildPredmat.default" "buildPredmat" "cv.glmnet.raw" "cv.glmnet" 
"[.data.frame" "[" "na.omit.data.frame" "na.omit" ".External2" "model.frame.default" "model.frame" "model.matrix.default" "model.matrix" 
"%*%" "dnorm" "fn" "<Anonymous>" ".External2" "optim" 
"%*%" "dnorm" "fn" "<Anonymous>" ".External2" "optim" 
"fn" "<Anonymous>" ".External2" "optim" 
"%*%" "dnorm" "fn" "<Anonymous>" ".External2" "optim" 
"%*%" "dnorm" "fn" "<Anonymous>" ".External2" "optim" 
"dnorm" "fn" "<Anonymous>" ".External2" "optim" 
"%*%" "dnorm" "fn" "<Anonymous>" ".External2" "optim" 
"%*%" "dnorm" "fn" "<Anonymous>" ".External2" "optim" 
"glmnet" "cv.glmnet.raw" "cv.glmnet" 
"is.numeric" "is.numeric" "non0ind" ".Arith.Csparse" "+" "+" "predict.glmnet" "NextMethod" "predict.elnet" "predict" "buildPredmat.default" "buildPredmat" "cv.glmnet.raw" "cv.glmnet" 
"%*%" "dnorm" "fn" "<Anonymous>" ".External2" "optim" 
"dnorm" "fn" "<Anonymous>" ".External2" "optim" 
"%*%" "dnorm" "fn" "<Anonymous>" ".External2" "optim" 
"%*%" "dnorm" "fn" "<Anonymous>" ".External2" "optim" 
"%*%" "dnorm" "fn" "<Anonymous>" ".External2" "optim" 
"fn" "<Anonymous>" ".External2" "optim" 
"dnorm" "fn" "<Anonymous>" ".External2" "optim" 
"fn" "<Anonymous>" ".External2" "optim" 
"eval" "eval" "model.frame.default" "model.frame" "model.matrix.default" "model.matrix" 
"glmnet" "cv.glmnet.raw" "cv.glmnet" 
"glmnet" "cv.glmnet.raw" "cv.glmnet" 
"validObject" ".nextMethod" "callNextMethod" "initialize" "initialize" "new" "Diagonal" "predict.glmnet" "NextMethod" "predict.elnet" "predict" "buildPredmat.default" "buildPredmat" "cv.glmnet.raw" "cv.glmnet" 
"sum" "weighted.mean.default" "FUN" "apply" "cvcompute" "cvstats" "cv.glmnet.raw" "cv.glmnet" 
"fn" "<Anonymous>" ".External2" "optim" 
"%*%" "dnorm" "fn" "<Anonymous>" ".External2" "optim" 
"%*%" "dnorm" "fn" "<Anonymous>" ".External2" "optim" 
"dnorm" "fn" "<Anonymous>" ".External2" "optim" 
"%*%" "dnorm" "fn" "<Anonymous>" ".External2" "optim" 
".External2" "optim" 
"dnorm" "fn" "<Anonymous>" ".External2" "optim" 
"%*%" "dnorm" "fn" "<Anonymous>" ".External2" "optim" 
"sum" "fn" "<Anonymous>" ".External2" "optim" 
"fn" "<Anonymous>" ".External2" "optim" 
"%*%" "dnorm" "fn" "<Anonymous>" ".External2" "optim" 
"apply" "nonzeroCoef" "predict.glmnet" "NextMethod" "predict.elnet" "predict" "lapply" "sapply" "cv.glmnet.raw" "cv.glmnet" 
"glmnet" "cv.glmnet.raw" "cv.glmnet" 
"glmnet" "cv.glmnet.raw" "cv.glmnet" 
"matrix" "buildPredmat.default" "buildPredmat" "cv.glmnet.raw" "cv.glmnet" 
"callNextMethod" "methods:::loadMethod" "methods:::loadMethod" "initialize" "new" "Diagonal" "predict.glmnet" "NextMethod" "predict.elnet" "predict" "buildPredmat.default" "buildPredmat" "cv.glmnet.raw" "cv.glmnet" 
"eval" "eval" "model.frame.default" "model.frame" "model.matrix.default" "model.matrix" 
"%*%" "dnorm" "fn" "<Anonymous>" ".External2" "optim" 
"%*%" "dnorm" "fn" "<Anonymous>" ".External2" "optim" 
"%*%" "dnorm" "fn" "<Anonymous>" ".External2" "optim" 
"dnorm" "fn" "<Anonymous>" ".External2" "optim" 
"dnorm" "fn" "<Anonymous>" ".External2" "optim" 
"dnorm" "fn" "<Anonymous>" ".External2" "optim" 
"%*%" "dnorm" "fn" "<Anonymous>" ".External2" "optim" 
"fn" "<Anonymous>" ".External2" "optim" 
"fn" "<Anonymous>" ".External2" "optim" 
